1708897566.755047 client started (38252): version 3.4, socket /private/tmp/tmux-501/default, protocol 8
1708897566.755116 on Darwin 21.6.0 Darwin Kernel Version 21.6.0: Wed Aug 10 14:25:27 PDT 2022; root:xnu-8020.141.5~2/RELEASE_X86_64
1708897566.755140 using libevent 2.1.12-stable select
1708897566.755157 using utf8proc 2.9.0
1708897566.755168 using ncurses 6.4 20221231
1708897566.755209 flags are 0x10010000
1708897566.755222 socket is /private/tmp/tmux-501/default
1708897566.755245 trying connect
1708897566.755337 add peer 0x7fd168031000: 7 (0x0)
1708897566.762330 sending message 100 to peer 0x7fd168031000 (4 bytes)
1708897566.762363 sending message 111 to peer 0x7fd168031000 (8 bytes)
1708897566.762375 sending message 101 to peer 0x7fd168031000 (16 bytes)
1708897566.762384 sending message 109 to peer 0x7fd168031000 (4 bytes)
1708897566.762394 sending message 102 to peer 0x7fd168031000 (13 bytes)
1708897566.762403 sending message 108 to peer 0x7fd168031000 (42 bytes)
1708897566.762412 sending message 112 to peer 0x7fd168031000 (70 bytes)
1708897566.762421 sending message 112 to peer 0x7fd168031000 (5 bytes)
1708897566.762430 sending message 112 to peer 0x7fd168031000 (5 bytes)
1708897566.762439 sending message 112 to peer 0x7fd168031000 (6 bytes)
1708897566.762447 sending message 112 to peer 0x7fd168031000 (6 bytes)
1708897566.762456 sending message 112 to peer 0x7fd168031000 (11 bytes)
1708897566.762465 sending message 112 to peer 0x7fd168031000 (10 bytes)
1708897566.762474 sending message 112 to peer 0x7fd168031000 (13 bytes)
1708897566.762483 sending message 112 to peer 0x7fd168031000 (13 bytes)
1708897566.762491 sending message 112 to peer 0x7fd168031000 (18 bytes)
1708897566.762500 sending message 112 to peer 0x7fd168031000 (11 bytes)
1708897566.762509 sending message 112 to peer 0x7fd168031000 (21 bytes)
1708897566.762517 sending message 112 to peer 0x7fd168031000 (13 bytes)
1708897566.762526 sending message 112 to peer 0x7fd168031000 (7 bytes)
1708897566.762535 sending message 112 to peer 0x7fd168031000 (13 bytes)
1708897566.762543 sending message 112 to peer 0x7fd168031000 (7 bytes)
1708897566.762552 sending message 112 to peer 0x7fd168031000 (13 bytes)
1708897566.762561 sending message 112 to peer 0x7fd168031000 (9 bytes)
1708897566.762569 sending message 112 to peer 0x7fd168031000 (21 bytes)
1708897566.762578 sending message 112 to peer 0x7fd168031000 (13 bytes)
1708897566.762586 sending message 112 to peer 0x7fd168031000 (8 bytes)
1708897566.762595 sending message 112 to peer 0x7fd168031000 (12 bytes)
1708897566.762604 sending message 112 to peer 0x7fd168031000 (13 bytes)
1708897566.762612 sending message 112 to peer 0x7fd168031000 (9 bytes)
1708897566.762621 sending message 112 to peer 0x7fd168031000 (9 bytes)
1708897566.762630 sending message 112 to peer 0x7fd168031000 (12 bytes)
1708897566.762638 sending message 112 to peer 0x7fd168031000 (8 bytes)
1708897566.762647 sending message 112 to peer 0x7fd168031000 (7 bytes)
1708897566.762656 sending message 112 to peer 0x7fd168031000 (7 bytes)
1708897566.762665 sending message 112 to peer 0x7fd168031000 (9 bytes)
1708897566.762673 sending message 112 to peer 0x7fd168031000 (13 bytes)
1708897566.762682 sending message 112 to peer 0x7fd168031000 (9 bytes)
1708897566.762691 sending message 112 to peer 0x7fd168031000 (15 bytes)
1708897566.762699 sending message 112 to peer 0x7fd168031000 (13 bytes)
1708897566.762708 sending message 112 to peer 0x7fd168031000 (12 bytes)
1708897566.762717 sending message 112 to peer 0x7fd168031000 (8 bytes)
1708897566.762725 sending message 112 to peer 0x7fd168031000 (14 bytes)
1708897566.762734 sending message 112 to peer 0x7fd168031000 (9 bytes)
1708897566.762743 sending message 112 to peer 0x7fd168031000 (10 bytes)
1708897566.762751 sending message 112 to peer 0x7fd168031000 (10 bytes)
1708897566.762760 sending message 112 to peer 0x7fd168031000 (10 bytes)
1708897566.762769 sending message 112 to peer 0x7fd168031000 (10 bytes)
1708897566.762777 sending message 112 to peer 0x7fd168031000 (11 bytes)
1708897566.762786 sending message 112 to peer 0x7fd168031000 (10 bytes)
1708897566.762840 sending message 112 to peer 0x7fd168031000 (8 bytes)
1708897566.762851 sending message 112 to peer 0x7fd168031000 (11 bytes)
1708897566.762860 sending message 112 to peer 0x7fd168031000 (11 bytes)
1708897566.762868 sending message 112 to peer 0x7fd168031000 (11 bytes)
1708897566.762877 sending message 112 to peer 0x7fd168031000 (8 bytes)
1708897566.762886 sending message 112 to peer 0x7fd168031000 (8 bytes)
1708897566.762898 sending message 112 to peer 0x7fd168031000 (8 bytes)
1708897566.762908 sending message 112 to peer 0x7fd168031000 (10 bytes)
1708897566.762916 sending message 112 to peer 0x7fd168031000 (10 bytes)
1708897566.762925 sending message 112 to peer 0x7fd168031000 (10 bytes)
1708897566.762934 sending message 112 to peer 0x7fd168031000 (10 bytes)
1708897566.762942 sending message 112 to peer 0x7fd168031000 (10 bytes)
1708897566.762951 sending message 112 to peer 0x7fd168031000 (11 bytes)
1708897566.762960 sending message 112 to peer 0x7fd168031000 (11 bytes)
1708897566.762968 sending message 112 to peer 0x7fd168031000 (10 bytes)
1708897566.762977 sending message 112 to peer 0x7fd168031000 (9 bytes)
1708897566.762985 sending message 112 to peer 0x7fd168031000 (9 bytes)
1708897566.762994 sending message 112 to peer 0x7fd168031000 (12 bytes)
1708897566.763002 sending message 112 to peer 0x7fd168031000 (9 bytes)
1708897566.763011 sending message 112 to peer 0x7fd168031000 (6 bytes)
1708897566.763020 sending message 112 to peer 0x7fd168031000 (13 bytes)
1708897566.763028 sending message 112 to peer 0x7fd168031000 (8 bytes)
1708897566.763037 sending message 112 to peer 0x7fd168031000 (15 bytes)
1708897566.763045 sending message 112 to peer 0x7fd168031000 (13 bytes)
1708897566.763054 sending message 112 to peer 0x7fd168031000 (70 bytes)
1708897566.763063 sending message 112 to peer 0x7fd168031000 (69 bytes)
1708897566.763071 sending message 112 to peer 0x7fd168031000 (10 bytes)
1708897566.763080 sending message 112 to peer 0x7fd168031000 (8 bytes)
1708897566.763088 sending message 112 to peer 0x7fd168031000 (15 bytes)
1708897566.763097 sending message 112 to peer 0x7fd168031000 (13 bytes)
1708897566.763105 sending message 112 to peer 0x7fd168031000 (10 bytes)
1708897566.763114 sending message 112 to peer 0x7fd168031000 (10 bytes)
1708897566.763123 sending message 112 to peer 0x7fd168031000 (5 bytes)
1708897566.763131 sending message 112 to peer 0x7fd168031000 (15 bytes)
1708897566.763141 sending message 104 to peer 0x7fd168031000 (0 bytes)
1708897566.763151 sending message 110 to peer 0x7fd168031000 (0 bytes)
1708897566.763160 sending message 107 to peer 0x7fd168031000 (4 bytes)
1708897566.763169 sending message 105 to peer 0x7fd168031000 (15 bytes)
1708897566.763178 sending message 105 to peer 0x7fd168031000 (20 bytes)
1708897566.763186 sending message 105 to peer 0x7fd168031000 (22 bytes)
1708897566.763195 sending message 105 to peer 0x7fd168031000 (20 bytes)
1708897566.763204 sending message 105 to peer 0x7fd168031000 (44 bytes)
1708897566.763212 sending message 105 to peer 0x7fd168031000 (86 bytes)
1708897566.763221 sending message 105 to peer 0x7fd168031000 (19 bytes)
1708897566.763229 sending message 105 to peer 0x7fd168031000 (50 bytes)
1708897566.763238 sending message 105 to peer 0x7fd168031000 (31 bytes)
1708897566.763246 sending message 105 to peer 0x7fd168031000 (61 bytes)
1708897566.763255 sending message 105 to peer 0x7fd168031000 (17 bytes)
1708897566.763263 sending message 105 to peer 0x7fd168031000 (19 bytes)
1708897566.763272 sending message 105 to peer 0x7fd168031000 (27 bytes)
1708897566.763280 sending message 105 to peer 0x7fd168031000 (15 bytes)
1708897566.763289 sending message 105 to peer 0x7fd168031000 (50 bytes)
1708897566.763297 sending message 105 to peer 0x7fd168031000 (70 bytes)
1708897566.763306 sending message 105 to peer 0x7fd168031000 (76 bytes)
1708897566.763315 sending message 105 to peer 0x7fd168031000 (53 bytes)
1708897566.763323 sending message 105 to peer 0x7fd168031000 (16 bytes)
1708897566.763332 sending message 105 to peer 0x7fd168031000 (27 bytes)
1708897566.763370 sending message 105 to peer 0x7fd168031000 (62 bytes)
1708897566.763381 sending message 105 to peer 0x7fd168031000 (36 bytes)
1708897566.763390 sending message 105 to peer 0x7fd168031000 (1111 bytes)
1708897566.763399 sending message 105 to peer 0x7fd168031000 (46 bytes)
1708897566.763408 sending message 105 to peer 0x7fd168031000 (24 bytes)
1708897566.763417 sending message 105 to peer 0x7fd168031000 (15 bytes)
1708897566.763426 sending message 105 to peer 0x7fd168031000 (8 bytes)
1708897566.763434 sending message 105 to peer 0x7fd168031000 (66 bytes)
1708897566.763443 sending message 105 to peer 0x7fd168031000 (21 bytes)
1708897566.763451 sending message 105 to peer 0x7fd168031000 (18 bytes)
1708897566.763462 sending message 105 to peer 0x7fd168031000 (26 bytes)
1708897566.763471 sending message 105 to peer 0x7fd168031000 (60 bytes)
1708897566.763480 sending message 105 to peer 0x7fd168031000 (57 bytes)
1708897566.763488 sending message 105 to peer 0x7fd168031000 (42 bytes)
1708897566.763497 sending message 105 to peer 0x7fd168031000 (13 bytes)
1708897566.763505 sending message 105 to peer 0x7fd168031000 (12 bytes)
1708897566.763514 sending message 105 to peer 0x7fd168031000 (14 bytes)
1708897566.763522 sending message 105 to peer 0x7fd168031000 (19 bytes)
1708897566.763531 sending message 105 to peer 0x7fd168031000 (43 bytes)
1708897566.763539 sending message 105 to peer 0x7fd168031000 (32 bytes)
1708897566.763548 sending message 105 to peer 0x7fd168031000 (20 bytes)
1708897566.763556 sending message 105 to peer 0x7fd168031000 (14 bytes)
1708897566.763565 sending message 105 to peer 0x7fd168031000 (36 bytes)
1708897566.763573 sending message 105 to peer 0x7fd168031000 (15 bytes)
1708897566.763582 sending message 105 to peer 0x7fd168031000 (27 bytes)
1708897566.763590 sending message 105 to peer 0x7fd168031000 (18 bytes)
1708897566.763598 sending message 105 to peer 0x7fd168031000 (14 bytes)
1708897566.763607 sending message 105 to peer 0x7fd168031000 (18 bytes)
1708897566.763615 sending message 105 to peer 0x7fd168031000 (20 bytes)
1708897566.763624 sending message 105 to peer 0x7fd168031000 (28 bytes)
1708897566.763632 sending message 105 to peer 0x7fd168031000 (25 bytes)
1708897566.763640 sending message 105 to peer 0x7fd168031000 (23 bytes)
1708897566.763649 sending message 105 to peer 0x7fd168031000 (11 bytes)
1708897566.763657 sending message 105 to peer 0x7fd168031000 (16 bytes)
1708897566.763665 sending message 105 to peer 0x7fd168031000 (15 bytes)
1708897566.763674 sending message 105 to peer 0x7fd168031000 (15 bytes)
1708897566.763682 sending message 105 to peer 0x7fd168031000 (15 bytes)
1708897566.763690 sending message 105 to peer 0x7fd168031000 (23 bytes)
1708897566.763699 sending message 105 to peer 0x7fd168031000 (15 bytes)
1708897566.763707 sending message 105 to peer 0x7fd168031000 (17 bytes)
1708897566.763716 sending message 105 to peer 0x7fd168031000 (9 bytes)
1708897566.763724 sending message 105 to peer 0x7fd168031000 (17 bytes)
1708897566.763732 sending message 105 to peer 0x7fd168031000 (14 bytes)
1708897566.763741 sending message 105 to peer 0x7fd168031000 (29 bytes)
1708897566.763749 sending message 105 to peer 0x7fd168031000 (10 bytes)
1708897566.763758 sending message 105 to peer 0x7fd168031000 (22 bytes)
1708897566.763766 sending message 106 to peer 0x7fd168031000 (0 bytes)
1708897566.763840 sending message 200 to peer 0x7fd168031000 (4 bytes)
1708897566.763853 client loop enter
1708897566.764263 peer 0x7fd168031000 message 303
1708897566.764294 open write file 2 -
1708897566.764328 sending message 305 to peer 0x7fd168031000 (8 bytes)
1708897566.764369 write check file 2
1708897566.764463 peer 0x7fd168031000 message 304
1708897566.764484 write 58 to file 2
1708897566.764503 peer 0x7fd168031000 message 203
1708897566.764514 file 2 58 bytes left
1708897566.764546 write check file 2
1708897566.764557 client loop exit
